2016-09-13 17:56:42,776 - INFO - *******RUNNING  MULTI MARC EXPORTER*******
2016-09-13 17:56:42,776 - INFO - Logging in to http://archivestest:8089
2016-09-13 17:56:42,964 - INFO - Success!
2016-09-13 17:56:44,966 - INFO - Performing id search for: 00784
2016-09-13 17:58:43,351 - INFO - *******RUNNING  MULTI MARC EXPORTER*******
2016-09-13 17:58:43,351 - INFO - Logging in to http://archivestest:8089
2016-09-13 17:58:43,539 - INFO - Success!
2016-09-13 17:58:47,924 - INFO - Performing id search for: 00475
2016-09-13 17:59:15,152 - INFO - *******RUNNING  MULTI MARC EXPORTER*******
2016-09-13 17:59:15,152 - INFO - Logging in to http://archivestest:8089
2016-09-13 17:59:15,324 - INFO - Success!
2016-09-13 17:59:16,855 - INFO - Performing id search for: 00784
2016-09-13 17:59:56,525 - INFO - *******RUNNING  MULTI MARC EXPORTER*******
2016-09-13 17:59:56,541 - INFO - Logging in to http://archivestest:8089
2016-09-13 17:59:56,712 - INFO - Success!
2016-09-13 17:59:57,853 - INFO - Performing id search for: 00784
2016-09-13 17:59:57,900 - INFO - repo id 740 was found for : 00784
2016-09-14 09:47:21,922 - INFO - *******RUNNING  MULTI MARC EXPORTER*******
2016-09-14 09:47:21,922 - INFO - Logging in to http://archivestest:8089
2016-09-14 09:47:22,157 - INFO - Success!
2016-09-14 09:47:23,766 - INFO - Performing id search for: 0078
2016-09-14 09:47:23,798 - ERROR - No Resource id found for 0078: check that the resource exists
2016-09-14 09:47:28,861 - INFO - Logging in to http://archivestest:8089
2016-09-14 09:47:29,033 - INFO - Success!
2016-09-14 09:47:42,598 - INFO - Performing id search for: 00784
2016-09-14 09:47:42,645 - INFO - repo id 740 was found for : 00784
2016-09-14 09:47:42,645 - INFO - Performing id search for:  00452
2016-09-14 09:47:42,676 - INFO - repo id 367 was found for :  00452
2016-09-14 09:47:42,676 - INFO - Performing id search for: 45
2016-09-14 09:47:42,708 - INFO - repo id 803 was found for : 45
2016-09-14 09:47:42,708 - INFO - Performing id search for:  00456
2016-09-14 09:47:42,770 - INFO - repo id 712 was found for :  00456
2016-09-14 09:47:42,770 - INFO - Performing id search for:  00789
2016-09-14 09:47:42,848 - ERROR - No Resource id found for  00789: check that the resource exists
2016-09-14 09:49:36,226 - INFO - *******RUNNING  MULTI MARC EXPORTER*******
2016-09-14 09:49:36,226 - INFO - Logging in to http://archivestest:8089
2016-09-14 09:49:36,414 - INFO - Success!
2016-09-14 09:49:47,291 - INFO - Performing id search for: 00784
2016-09-14 09:49:47,322 - INFO - repo id 740 was found for : 00784
2016-09-14 09:49:47,322 - INFO - Performing id search for:  00452
2016-09-14 09:49:47,353 - INFO - repo id 367 was found for :  00452
2016-09-14 09:49:47,369 - INFO - Performing id search for:  45
2016-09-14 09:49:47,385 - INFO - repo id 803 was found for :  45
2016-09-14 09:49:47,385 - INFO - Performing id search for:  00456
2016-09-14 09:49:47,432 - INFO - repo id 712 was found for :  00456
2016-09-14 09:49:47,432 - INFO - Performing id search for: 00784
2016-09-14 09:49:47,463 - INFO - repo id 740 was found for : 00784
2016-09-14 09:51:18,315 - INFO - *******RUNNING  MULTI MARC EXPORTER*******
2016-09-14 09:51:18,315 - INFO - Logging in to http://archivestest:8089
2016-09-14 09:51:18,502 - INFO - Success!
2016-09-14 09:51:51,666 - INFO - *******RUNNING  MULTI MARC EXPORTER*******
2016-09-14 09:51:51,681 - INFO - Logging in to http://archivestest:8089
2016-09-14 09:51:51,853 - INFO - Success!
2016-09-14 09:52:20,043 - INFO - *******RUNNING  MULTI MARC EXPORTER*******
2016-09-14 09:52:20,043 - INFO - Logging in to http://archivestest:8089
2016-09-14 09:52:20,231 - INFO - Success!
2016-09-14 09:52:21,527 - INFO - Performing id search for: 00784
2016-09-14 09:52:21,574 - INFO - repo id 740 was found for : 00784
2016-09-14 09:52:38,709 - INFO - *******RUNNING  MULTI MARC EXPORTER*******
2016-09-14 09:52:38,724 - INFO - Logging in to http://archivestest:8089
2016-09-14 09:52:38,896 - INFO - Success!
2016-09-14 09:52:49,804 - INFO - Performing id search for: 00784
2016-09-14 09:52:49,851 - INFO - repo id 740 was found for : 00784
2016-09-14 09:52:49,851 - INFO - Performing id search for: 45
2016-09-14 09:52:49,882 - INFO - repo id 803 was found for : 45
2016-09-14 09:52:49,882 - INFO - Performing id search for: 00789
2016-09-14 09:52:49,945 - ERROR - No Resource id found for 00789: check that the resource exists
2016-09-14 09:52:49,945 - INFO - Performing id search for: 00456
2016-09-14 09:52:49,992 - INFO - repo id 712 was found for : 00456
2016-09-14 09:52:49,992 - INFO - Performing id search for: 0012
2016-09-14 09:52:50,086 - ERROR - No Resource id found for 0012: check that the resource exists
2016-09-14 09:52:50,086 - INFO - Performing id search for: 161546
2016-09-14 09:52:50,132 - ERROR - No Resource id found for 161546: check that the resource exists
2016-09-14 10:05:59,947 - INFO - *******RUNNING  MULTI MARC EXPORTER*******
2016-09-14 10:05:59,963 - INFO - Logging in to http://archivestest:8089
2016-09-14 10:06:00,135 - INFO - Success!
2016-09-14 10:06:08,238 - INFO - Performing id search for: 00784
2016-09-14 10:06:08,285 - INFO - repo id 740 was found for : 00784
2016-09-14 10:06:08,285 - INFO - Performing id search for: 45
2016-09-14 10:06:08,317 - INFO - repo id 803 was found for : 45
2016-09-14 10:06:08,317 - INFO - Performing id search for: 00456
2016-09-14 10:06:08,348 - INFO - repo id 712 was found for : 00456
2016-09-14 10:06:34,527 - INFO - *******RUNNING  MULTI MARC EXPORTER*******
2016-09-14 10:06:34,527 - INFO - Logging in to http://archivestest:8089
2016-09-14 10:06:34,714 - INFO - Success!
2016-09-14 10:06:41,250 - INFO - Performing id search for: 00784mn
2016-09-14 10:06:41,391 - ERROR - No Resource id found for 00784mn: check that the resource exists
2016-09-14 10:06:46,801 - INFO - *******RUNNING  MULTI MARC EXPORTER*******
2016-09-14 10:06:46,801 - INFO - Logging in to http://archivestest:8089
2016-09-14 10:06:46,992 - INFO - Success!
2016-09-14 10:06:56,354 - INFO - Performing id search for: 00784
2016-09-14 10:06:56,385 - INFO - repo id 740 was found for : 00784
2016-09-14 10:06:56,385 - INFO - Performing id search for: 45
2016-09-14 10:06:56,416 - INFO - repo id 803 was found for : 45
2016-09-14 10:06:56,416 - INFO - Performing id search for: 00456
2016-09-14 10:06:56,447 - INFO - repo id 712 was found for : 00456
2016-09-14 10:06:56,463 - INFO - Performing id search for: 00156
2016-09-14 10:06:56,494 - INFO - repo id 516 was found for : 00156
2016-09-14 10:07:32,249 - INFO - *******RUNNING  MULTI MARC EXPORTER*******
2016-09-14 10:07:32,264 - INFO - Logging in to http://archivestest:8089
2016-09-14 10:07:32,452 - INFO - Success!
2016-09-14 10:07:33,671 - INFO - Performing id search for: 00784
2016-09-14 10:07:33,717 - INFO - repo id 740 was found for : 00784
2016-09-14 10:09:15,529 - INFO - *******RUNNING  MULTI MARC EXPORTER*******
2016-09-14 10:09:15,529 - INFO - Logging in to http://archivestest:8089
2016-09-14 10:09:15,717 - INFO - Success!
2016-09-14 10:09:17,311 - INFO - Performing id search for: 00784
2016-09-14 10:09:17,373 - INFO - repo id 740 was found for : 00784
2016-09-14 10:09:24,886 - INFO - *******RUNNING  MULTI MARC EXPORTER*******
2016-09-14 10:09:24,888 - INFO - Logging in to http://archivestest:8089
2016-09-14 10:09:25,109 - INFO - Success!
2016-09-14 10:09:26,063 - INFO - Performing id search for: 00784
2016-09-14 10:09:26,094 - INFO - repo id 740 was found for : 00784
2016-09-14 10:09:57,559 - INFO - *******RUNNING  MULTI MARC EXPORTER*******
2016-09-14 10:09:57,575 - INFO - Logging in to http://archivestest:8089
2016-09-14 10:09:57,747 - INFO - Success!
2016-09-14 10:09:59,028 - INFO - Performing id search for: 00784
2016-09-14 10:09:59,059 - INFO - repo id 740 was found for : 00784
2016-09-14 10:10:26,259 - INFO - *******RUNNING  MULTI MARC EXPORTER*******
2016-09-14 10:10:26,259 - INFO - Logging in to http://archivestest:8089
2016-09-14 10:10:26,446 - INFO - Success!
2016-09-14 10:10:31,742 - INFO - Performing id search for: 00784
2016-09-14 10:10:31,820 - INFO - repo id 740 was found for : 00784
2016-09-14 10:11:11,568 - INFO - *******RUNNING  MULTI MARC EXPORTER*******
2016-09-14 10:11:11,584 - INFO - Logging in to http://archivestest:8089
2016-09-14 10:11:11,756 - INFO - Success!
2016-09-14 10:11:18,349 - INFO - Performing id search for: 00784
2016-09-14 10:11:18,380 - INFO - repo id 740 was found for : 00784
2016-09-14 10:11:18,380 - INFO - Performing id search for: 45
2016-09-14 10:11:18,411 - INFO - repo id 803 was found for : 45
2016-09-14 10:12:28,354 - INFO - *******RUNNING  MULTI MARC EXPORTER*******
2016-09-14 10:12:28,354 - INFO - Logging in to http://archivestest:8089
2016-09-14 10:12:28,541 - INFO - Success!
2016-09-14 10:12:31,682 - INFO - Performing id search for: 00784
2016-09-14 10:12:31,729 - INFO - repo id 740 was found for : 00784
2016-09-14 10:12:36,805 - INFO - Logging in to http://archivestest:8089
2016-09-14 10:12:36,977 - INFO - Success!
2016-09-14 10:12:45,585 - INFO - Performing id search for: 00784
2016-09-14 10:12:45,616 - INFO - repo id 740 was found for : 00784
2016-09-14 10:12:45,616 - INFO - Performing id search for: 45
2016-09-14 10:12:45,663 - INFO - repo id 803 was found for : 45
2016-09-14 10:13:09,851 - INFO - *******RUNNING  MULTI MARC EXPORTER*******
2016-09-14 10:13:09,851 - INFO - Logging in to http://archivestest:8089
2016-09-14 10:13:10,039 - INFO - Success!
2016-09-14 10:13:10,898 - INFO - Performing id search for: 45
2016-09-14 10:13:10,930 - INFO - repo id 803 was found for : 45
2016-09-14 10:14:17,475 - INFO - *******RUNNING  MULTI MARC EXPORTER*******
2016-09-14 10:14:17,491 - INFO - Logging in to http://archivestest:8089
2016-09-14 10:14:17,663 - INFO - Success!
2016-09-14 10:14:18,538 - INFO - Performing id search for: 45
2016-09-14 10:14:18,569 - INFO - repo id 803 was found for : 45
2016-09-14 10:19:38,311 - INFO - *******RUNNING  MULTI MARC EXPORTER*******
2016-09-14 10:19:38,327 - INFO - Logging in to http://archivestest:8089
2016-09-14 10:19:38,499 - INFO - Success!
2016-09-14 10:19:41,465 - INFO - Performing id search for: 00784
2016-09-14 10:19:41,512 - INFO - repo id 740 was found for : 00784
2016-09-14 10:20:03,074 - INFO - *******RUNNING  MULTI MARC EXPORTER*******
2016-09-14 10:20:03,090 - INFO - Logging in to http://archivestest:8089
2016-09-14 10:20:03,261 - INFO - Success!
2016-09-14 10:20:09,466 - INFO - Performing id search for: 00784
2016-09-14 10:20:09,513 - INFO - repo id 740 was found for : 00784
2016-09-14 10:20:32,852 - INFO - *******RUNNING  MULTI MARC EXPORTER*******
2016-09-14 10:20:32,852 - INFO - Logging in to http://archivestest:8089
2016-09-14 10:20:33,055 - INFO - Success!
2016-09-14 10:20:34,118 - INFO - Performing id search for: 00784
2016-09-14 10:20:34,149 - INFO - repo id 740 was found for : 00784
2016-09-14 10:20:37,216 - INFO - Logging in to http://archivestest:8089
2016-09-14 10:20:37,388 - INFO - Success!
2016-09-14 10:20:42,786 - INFO - Performing id search for: 00784
2016-09-14 10:20:42,833 - INFO - repo id 740 was found for : 00784
2016-09-14 10:20:42,833 - INFO - Performing id search for: 45
2016-09-14 10:20:42,849 - INFO - repo id 803 was found for : 45
2016-09-14 10:20:42,864 - INFO - Performing id search for: 00745
2016-09-14 10:20:42,911 - ERROR - No Resource id found for 00745: check that the resource exists
2016-09-15 16:50:18,273 - INFO - *******RUNNING  MULTI MARC EXPORTER*******
2016-09-15 16:50:18,283 - INFO - Logging in to http://archivestest:8089
2016-09-15 16:50:18,500 - INFO - Success!
2016-09-15 16:50:22,640 - INFO - Performing id search for: 00784321514
2016-09-15 16:50:22,682 - ERROR - No Resource id found for 00784321514: check that the resource exists
2016-09-15 16:50:24,489 - INFO - Logging in to http://archivestest:8089
2016-09-15 16:50:24,669 - INFO - Success!
2016-09-15 16:50:30,797 - INFO - Performing id search for: 00784
2016-09-15 16:50:30,836 - INFO - repo id 740 was found for : 00784
2016-09-15 16:50:30,837 - INFO - Performing id search for: 00452
2016-09-15 16:50:30,870 - INFO - repo id 367 was found for : 00452
2016-09-15 16:50:30,871 - INFO - Performing id search for: 1631
2016-09-15 16:50:30,901 - ERROR - No Resource id found for 1631: check that the resource exists
2016-09-16 10:05:34,436 - INFO - *******RUNNING  MULTI MARC EXPORTER*******
2016-09-16 10:05:34,440 - INFO - Logging in to http://archivestest:8089
2016-09-16 10:05:34,712 - INFO - Success!
2016-09-16 10:09:18,811 - INFO - Performing id search for: 00784
2016-09-16 10:09:18,868 - INFO - repo id 740 was found for : 00784
2016-09-16 10:09:18,869 - INFO - Performing id search for: 00452
2016-09-16 10:09:18,891 - INFO - repo id 367 was found for : 00452
2016-09-16 10:09:18,891 - INFO - Performing id search for: 45
2016-09-16 10:09:18,922 - INFO - repo id 803 was found for : 45
2016-09-16 10:11:58,901 - INFO - Logging in to http://archivestest:8089
2016-09-16 10:11:59,088 - INFO - Success!
2016-09-16 10:12:45,572 - INFO - *******RUNNING  MULTI MARC EXPORTER*******
2016-09-16 10:12:45,572 - INFO - Logging in to http://archivestest:8089
2016-09-16 10:12:45,822 - INFO - Success!
2016-09-16 10:14:04,394 - INFO - *******RUNNING  MULTI MARC EXPORTER*******
2016-09-16 10:14:04,394 - INFO - Logging in to http://archivestest:8089
2016-09-16 10:14:04,615 - INFO - Success!
2016-09-16 10:14:07,068 - INFO - Performing id search for: 00784
2016-09-16 10:14:07,100 - INFO - repo id 740 was found for : 00784
2016-09-16 10:34:58,692 - INFO - *******RUNNING  MULTI MARC EXPORTER*******
2016-09-16 10:34:58,692 - INFO - Logging in to http://archivestest:8089
2016-09-16 10:34:58,911 - INFO - Success!
2016-09-16 10:35:00,428 - INFO - Performing id search for: 00784
2016-09-16 10:35:00,500 - INFO - repo id 740 was found for : 00784
2016-09-16 10:37:25,839 - INFO - *******RUNNING  MULTI MARC EXPORTER*******
2016-09-16 10:37:25,839 - INFO - Logging in to http://archivestest:8089
2016-09-16 10:37:26,104 - INFO - Success!
2016-09-16 10:37:29,083 - INFO - Performing id search for: 00784
2016-09-16 10:37:29,208 - ERROR - No Resource id found for 00784: check that the resource exists
2016-09-16 10:39:03,664 - INFO - *******RUNNING  MULTI MARC EXPORTER*******
2016-09-16 10:39:03,668 - INFO - Logging in to http://archivestest:8089
2016-09-16 10:39:03,860 - INFO - Success!
2016-09-16 10:39:08,431 - INFO - Performing id search for: 00784
2016-09-16 10:39:08,579 - ERROR - No Resource id found for 00784: check that the resource exists
2016-09-16 10:39:42,135 - INFO - *******RUNNING  MULTI MARC EXPORTER*******
2016-09-16 10:39:42,138 - INFO - Logging in to http://archivestest:8089
2016-09-16 10:39:42,325 - INFO - Success!
2016-09-16 10:39:46,273 - INFO - Performing id search for: 00784
2016-09-16 10:39:46,343 - INFO - repo id 740 was found for : 00784
