Loading ArchivesSpace configuration file from path: /data/archivesspace/config/config.rb
Loading ArchivesSpace configuration file from path: /data/archivesspace/config/config.rb
2015-10-05 13:52:54.045:INFO:oejs.Server:jetty-8.1.5.v20120716
2015-10-05 13:52:54.643:INFO:/:INFO: jruby 1.7.18 (1.9.3p551) 2014-12-22 625381c on OpenJDK 64-Bit Server VM 1.7.0_51-mockbuild_2014_01_15_01_39-b00 +jit [linux-amd64]
2015-10-05 13:52:54.645:INFO:/:INFO: using a shared (threadsafe!) runtime
Loading ArchivesSpace configuration file from path: /data/archivesspace/config/config.rb
I, [2015-10-05T13:53:06.806000 #1201]  INFO -- : Thread-3256: Connecting to database: jdbc:mysql://dbmain:3306/SpecArcTest?user=specarct&password=AGcz4MtC&useUnicode=true&characterEncoding=UTF-8. Max connections: 28
/data/archivesspace/gems/gems/jdbc-mysql-5.1.13/lib/jdbc/mysql.rb:3 warning: already initialized constant VERSION
I, [2015-10-05T13:53:11.556000 #1201]  INFO -- : Thread-3256: All tables checked and confirmed set to UTF-8.  Nice job!
========================================================================
A trace file has been written to the following location: /tmp/aspaue_diagnostic_1444078394.txt

This file contains information that will assist developers in diagnosing
problems with your ArchivesSpace installation.  Please review the file's
contents for sensitive information (such as passwords) that you might not
want to share.
========================================================================
2015-10-05 13:53:14.651:INFO:/:An exception happened during JRuby-Rack startup|JSONModel not found for agent_place|--- System|jruby 1.7.18 (1.9.3p551) 2014-12-22 625381c on OpenJDK 64-Bit Server VM 1.7.0_51-mockbuild_2014_01_15_01_39-b00 +jit [linux-amd64]|Time: 2015-10-05 13:53:14 -0700|Server: jetty/8.1.5.v20120716|jruby.home: file:/data/archivesspace-1.3.0/archivesspace/gems/gems/jruby-jars-1.7.18/lib/jruby-stdlib-1.7.18.jar!/META-INF/jruby.home||--- Context Init Parameters:|jruby.compat.version = 1.9|jruby.max.runtimes = 1|jruby.min.runtimes = 1|public.root = /|rack.env = production||--- Backtrace|RuntimeError: JSONModel not found for agent_place|             JSONModel at file:/data/archivesspace-1.3.0/archivesspace/lib/common.jar!/jsonmodel.rb:62|             JSONModel at file:/data/archivesspace-1.3.0/archivesspace/lib/common.jar!/jsonmodel.rb:67|            AgentPlace at /data/archivesspace/plugins/place/backend/model/agent_place.rb:4|                (root) at /data/archivesspace/plugins/place/backend/model/agent_place.rb:1|               require at org/jruby/RubyKernel.java:1071|                (root) at /data/archivesspace-1.3.0/archivesspace/data/tmp/jetty-0.0.0.0-8089-backend.war-_-any-/webapp/WEB-INF/app/main.rb:1|                  each at org/jruby/RubyArray.java:1613|  ArchivesSpaceService at /data/archivesspace-1.3.0/archivesspace/data/tmp/jetty-0.0.0.0-8089-backend.war-_-any-/webapp/WEB-INF/app/main.rb:106|                  each at org/jruby/RubyArray.java:1613|  ArchivesSpaceService at /data/archivesspace-1.3.0/archivesspace/data/tmp/jetty-0.0.0.0-8089-backend.war-_-any-/webapp/WEB-INF/app/main.rb:105|                  each at org/jruby/RubyArray.java:1613|  ArchivesSpaceService at /data/archivesspace-1.3.0/archivesspace/data/tmp/jetty-0.0.0.0-8089-backend.war-_-any-/webapp/WEB-INF/app/main.rb:104|  ArchivesSpaceService at /data/archivesspace-1.3.0/archivesspace/data/tmp/jetty-0.0.0.0-8089-backend.war-_-any-/webapp/WEB-INF/app/main.rb:103|             configure at /data/archivesspace/gems/gems/sinatra-1.3.6/lib/sinatra/base.rb:1356|  ArchivesSpaceService at /data/archivesspace-1.3.0/archivesspace/data/tmp/jetty-0.0.0.0-8089-backend.war-_-any-/webapp/WEB-INF/app/main.rb:67|               require at org/jruby/RubyKernel.java:1071|               require at /data/archivesspace-1.3.0/archivesspace/gems/gems/jruby-jars-1.7.18/lib/jruby-stdlib-1.7.18.jar!/META-INF/jruby.home/lib/ruby/shared/rubygems/core_ext/kernel_require.rb:55|               require at /data/archivesspace-1.3.0/archivesspace/gems/gems/jruby-jars-1.7.18/lib/jruby-stdlib-1.7.18.jar!/META-INF/jruby.home/lib/ruby/shared/rubygems/core_ext/kernel_require.rb:53|                (root) at /data/archivesspace-1.3.0/archivesspace/data/tmp/jetty-0.0.0.0-8089-backend.war-_-any-/webapp/WEB-INF/app/main.rb:29|         instance_eval at org/jruby/RubyBasicObject.java:1533|                (root) at /data/archivesspace-1.3.0/archivesspace/data/tmp/jetty-0.0.0.0-8089-backend.war-_-any-/webapp/WEB-INF/config.ru:1|                (root) at /data/archivesspace-1.3.0/archivesspace/data/tmp/jetty-0.0.0.0-8089-backend.war-_-any-/webapp/WEB-INF/config.ru:4|          start_server at launcher/launcher.rb:86|                  main at launcher/launcher.rb:147|                (root) at launcher/launcher.rb:230||--- RubyGems|Gem.dir: /data/archivesspace/gems|Gem.path:|/home/LIBRARY/clemus/.gem/jruby/1.9|file:/data/archivesspace-1.3.0/archivesspace/gems/gems/jruby-jars-1.7.18/lib/jruby-stdlib-1.7.18.jar!/META-INF/jruby.home/lib/ruby/gems/shared|/data/archivesspace/gems|Activated gems:|  json-1.8.0-java|  bundler-1.7.12|  rake-10.4.2|  i18n-0.7.0|  multi_json-1.11.0|  activesupport-3.2.19|  atomic-1.0.1-java|  htmlentities-4.3.3|  nokogiri-1.6.6.2-java|  rubyzip-1.0.0|  axlsx-2.0.1|  backports-3.6.4|  bcrypt-3.1.7-java|  diff-lcs-1.1.3|  eventmachine-1.0.7-java|  factory_girl-4.1.0|  jdbc-derby-10.6.2.1-java|  jdbc-mysql-5.1.13|  jruby-jars-1.7.18|  jruby-rack-1.1.18|  json-schema-1.0.10|  ladle-0.2.0-java|  multipart-post-1.2.0|  net-http-persistent-2.8|  net-ldap-0.6.1|  rack-1.4.5|  puma-2.8.2-java|  rack-protection-1.5.3|  sequel-4.20.0|  rack-session-sequel-0.0.1|  rack-test-0.6.3|  rjack-jackson-1.8.11.0-java|  rspec-core-2.12.1|  rspec-expectations-2.12.1|  rspec-mocks-2.12.2|  rspec-2.12.0|  rufus-lru-1.0.5|  tzinfo-0.3.39|  rufus-scheduler-2.0.24|  saxerator-0.9.5|  saxon-xslt-0.5.1-java|  simplecov-html-0.7.1|  simplecov-0.7.1|  tilt-1.4.1|  sinatra-1.3.6|  sinatra-contrib-1.3.2|  sinatra-reloader-1.0|  warbler-1.4.2|  zip-zip-0.3||--- Bundler|Bundler.bundle_path: /data/archivesspace/gems|Bundler.root: /data/archivesspace-1.3.0/archivesspace/data/tmp/jetty-0.0.0.0-8089-backend.war-_-any-/webapp/WEB-INF|Gemfile: /data/archivesspace-1.3.0/archivesspace/data/tmp/jetty-0.0.0.0-8089-backend.war-_-any-/webapp/WEB-INF/Gemfile|Settings:|  bin_path = /data/archivesspace/gems/gems/bundler-1.7.12/bin/bundle|  gemfile = /data/archivesspace-1.3.0/archivesspace/data/tmp/jetty-0.0.0.0-8089-backend.war-_-any-/webapp/WEB-INF/Gemfile||--- JRuby-Rack Config|compat_version = RUBY1_9|default_logger = org.jruby.rack.logging.StandardOutLogger@58071ddc|equals = <error: >|err = java.io.PrintStream@dfc6ed|filter_adds_html = true|filter_verifies_resource = false|ignore_environment = false|initial_memory_buffer_size = |initial_runtimes = 1|jms_connection_factory = |jms_jndi_properties = |logger = org.jruby.rack.logging.ServletContextLogger@2b6af133|logger_class_name = servlet_context|logger_name = jruby.rack|maximum_memory_buffer_size = |maximum_runtimes = 1|num_initializer_threads = |out = java.io.PrintStream@53f83aa7|rackup = |rackup_path = |rewindable = true|runtime_arguments = |runtime_environment = |runtime_timeout_seconds = |serial_initialization = false|servlet_context = ServletContext@o.e.j.w.WebAppContext{/,file:/data/archivesspace-1.3.0/archivesspace/data/tmp/jetty-0.0.0.0-8089-backend.war-_-any-/webapp/},/data/archivesspace/wars/backend.war|throw_init_exception = false|
2015-10-05 13:53:14.653:WARN:/:ERROR: initialization failed
org.jruby.rack.RackInitializationException: JSONModel not found for agent_place|?from file:/data/archivesspace-1.3.0/archivesspace/lib/common.jar!/jsonmodel.rb:62:in `JSONModel'|?from file:/data/archivesspace-1.3.0/archivesspace/lib/common.jar!/jsonmodel.rb:67:in `JSONModel'|?from /data/archivesspace/plugins/place/backend/model/agent_place.rb:4:in `AgentPlace'|?from /data/archivesspace/plugins/place/backend/model/agent_place.rb:1:in `(root)'|?from org/jruby/RubyKernel.java:1071:in `require'|?from /data/archivesspace-1.3.0/archivesspace/data/tmp/jetty-0.0.0.0-8089-backend.war-_-any-/webapp/WEB-INF/app/main.rb:1:in `(root)'|?from org/jruby/RubyArray.java:1613:in `each'|?from /data/archivesspace-1.3.0/archivesspace/data/tmp/jetty-0.0.0.0-8089-backend.war-_-any-/webapp/WEB-INF/app/main.rb:106:in `ArchivesSpaceService'|?from org/jruby/RubyArray.java:1613:in `each'|?from /data/archivesspace-1.3.0/archivesspace/data/tmp/jetty-0.0.0.0-8089-backend.war-_-any-/webapp/WEB-INF/app/main.rb:105:in `ArchivesSpaceService'|?from org/jruby/RubyArray.java:1613:in `each'|?from /data/archivesspace-1.3.0/archivesspace/data/tmp/jetty-0.0.0.0-8089-backend.war-_-any-/webapp/WEB-INF/app/main.rb:104:in `ArchivesSpaceService'|?from /data/archivesspace-1.3.0/archivesspace/data/tmp/jetty-0.0.0.0-8089-backend.war-_-any-/webapp/WEB-INF/app/main.rb:103:in `ArchivesSpaceService'|?from /data/archivesspace/gems/gems/sinatra-1.3.6/lib/sinatra/base.rb:1356:in `configure'|?from /data/archivesspace-1.3.0/archivesspace/data/tmp/jetty-0.0.0.0-8089-backend.war-_-any-/webapp/WEB-INF/app/main.rb:67:in `ArchivesSpaceService'|?from org/jruby/RubyKernel.java:1071:in `require'|?from /data/archivesspace-1.3.0/archivesspace/gems/gems/jruby-jars-1.7.18/lib/jruby-stdlib-1.7.18.jar!/META-INF/jruby.home/lib/ruby/shared/rubygems/core_ext/kernel_require.rb:55:in `require'|?from /data/archivesspace-1.3.0/archivesspace/gems/gems/jruby-jars-1.7.18/lib/jruby-stdlib-1.7.18.jar!/META-INF/jruby.home/lib/ruby/shared/rubygems/core_ext/kernel_require.rb:53:in `require'|?from /data/archivesspace-1.3.0/archivesspace/data/tmp/jetty-0.0.0.0-8089-backend.war-_-any-/webapp/WEB-INF/app/main.rb:29:in `(root)'|?from org/jruby/RubyBasicObject.java:1533:in `instance_eval'|?from /data/archivesspace-1.3.0/archivesspace/data/tmp/jetty-0.0.0.0-8089-backend.war-_-any-/webapp/WEB-INF/config.ru:1:in `(root)'|?from /data/archivesspace-1.3.0/archivesspace/data/tmp/jetty-0.0.0.0-8089-backend.war-_-any-/webapp/WEB-INF/config.ru:4:in `(root)'|?from launcher/launcher.rb:86:in `start_server'|?from launcher/launcher.rb:147:in `main'|?from launcher/launcher.rb:230:in `(root)'|
	at org.jruby.rack.RackInitializationException.wrap(RackInitializationException.java:29)
	at org.jruby.rack.RackApplicationFactoryDecorator.init(RackApplicationFactoryDecorator.java:104)
	at org.jruby.rack.RackServletContextListener.contextInitialized(RackServletContextListener.java:50)
	at org.eclipse.jetty.server.handler.ContextHandler.callContextInitialized(ContextHandler.java:766)
	at org.eclipse.jetty.servlet.ServletContextHandler.callContextInitialized(ServletContextHandler.java:406)
	at org.eclipse.jetty.server.handler.ContextHandler.startContext(ContextHandler.java:758)
	at org.eclipse.jetty.servlet.ServletContextHandler.startContext(ServletContextHandler.java:242)
	at org.eclipse.jetty.webapp.WebAppContext.startContext(WebAppContext.java:1233)
	at org.eclipse.jetty.server.handler.ContextHandler.doStart(ContextHandler.java:701)
	at org.eclipse.jetty.webapp.WebAppContext.doStart(WebAppContext.java:475)
	at org.eclipse.jetty.util.component.AbstractLifeCycle.start(AbstractLifeCycle.java:59)
	at org.eclipse.jetty.server.handler.HandlerCollection.doStart(HandlerCollection.java:224)
	at org.eclipse.jetty.server.handler.ContextHandlerCollection.doStart(ContextHandlerCollection.java:167)
	at org.eclipse.jetty.util.component.AbstractLifeCycle.start(AbstractLifeCycle.java:59)
	at org.eclipse.jetty.server.handler.HandlerWrapper.doStart(HandlerWrapper.java:90)
	at org.eclipse.jetty.server.Server.doStart(Server.java:272)
	at org.eclipse.jetty.util.component.AbstractLifeCycle.start(AbstractLifeCycle.java:59)
	at sun.reflect.NativeMethodAccessorImpl.invoke0(Native Method)
	at sun.reflect.NativeMethodAccessorImpl.invoke(NativeMethodAccessorImpl.java:57)
	at sun.reflect.DelegatingMethodAccessorImpl.invoke(DelegatingMethodAccessorImpl.java:43)
	at java.lang.reflect.Method.invoke(Method.java:606)
	at org.jruby.javasupport.JavaMethod.invokeDirectWithExceptionHandling(JavaMethod.java:440)
	at org.jruby.javasupport.JavaMethod.invokeDirect(JavaMethod.java:304)
	at org.jruby.java.invokers.InstanceMethodInvoker.call(InstanceMethodInvoker.java:52)
	at org.jruby.runtime.callsite.CachingCallSite.cacheAndCall(CachingCallSite.java:306)
	at org.jruby.runtime.callsite.CachingCallSite.call(CachingCallSite.java:136)
	at launcher.launcher.method__1$RUBY$start_server(launcher/launcher.rb:86)
	at launcher$launcher$method__1$RUBY$start_server.call(launcher$launcher$method__1$RUBY$start_server)
	at org.jruby.internal.runtime.methods.DynamicMethod.call(DynamicMethod.java:218)
	at org.jruby.internal.runtime.methods.CompiledMethod.call(CompiledMethod.java:268)
	at org.jruby.runtime.callsite.CachingCallSite.cacheAndCall(CachingCallSite.java:346)
	at org.jruby.runtime.callsite.CachingCallSite.call(CachingCallSite.java:204)
	at launcher.launcher.chained_4_rescue_1$RUBY$SYNTHETICmain(launcher/launcher.rb:147)
	at launcher.launcher.method__3$RUBY$main(launcher/launcher.rb:145)
	at launcher$launcher$method__3$RUBY$main.call(launcher$launcher$method__3$RUBY$main)
	at launcher$launcher$method__3$RUBY$main.call(launcher$launcher$method__3$RUBY$main)
	at org.jruby.runtime.callsite.CachingCallSite.cacheAndCall(CachingCallSite.java:306)
	at org.jruby.runtime.callsite.CachingCallSite.call(CachingCallSite.java:136)
	at launcher.launcher.__file__(launcher/launcher.rb:230)
	at launcher.launcher.load(launcher/launcher.rb)
	at org.jruby.Ruby.runScript(Ruby.java:866)
	at org.jruby.Ruby.runScript(Ruby.java:859)
	at org.jruby.Ruby.runNormally(Ruby.java:728)
	at org.jruby.Ruby.runFromMain(Ruby.java:577)
	at org.jruby.Main.doRunFromMain(Main.java:395)
	at org.jruby.Main.internalRun(Main.java:290)
	at org.jruby.Main.run(Main.java:217)
	at org.jruby.Main.main(Main.java:197)
Caused by: 
org.jruby.exceptions.RaiseException: (RuntimeError) JSONModel not found for agent_place
	at Module.JSONModel(file:/data/archivesspace-1.3.0/archivesspace/lib/common.jar!/jsonmodel.rb:62)
	at JSONModel.JSONModel(file:/data/archivesspace-1.3.0/archivesspace/lib/common.jar!/jsonmodel.rb:67)
	at RUBY.AgentPlace(/data/archivesspace/plugins/place/backend/model/agent_place.rb:4)
	at RUBY.(root)(/data/archivesspace/plugins/place/backend/model/agent_place.rb:1)
	at org.jruby.RubyKernel.require(org/jruby/RubyKernel.java:1071)
	at RUBY.(root)(/data/archivesspace-1.3.0/archivesspace/data/tmp/jetty-0.0.0.0-8089-backend.war-_-any-/webapp/WEB-INF/app/main.rb:1)
	at org.jruby.RubyArray.each(org/jruby/RubyArray.java:1613)
	at RUBY.ArchivesSpaceService(/data/archivesspace-1.3.0/archivesspace/data/tmp/jetty-0.0.0.0-8089-backend.war-_-any-/webapp/WEB-INF/app/main.rb:106)
	at org.jruby.RubyArray.each(org/jruby/RubyArray.java:1613)
	at RUBY.ArchivesSpaceService(/data/archivesspace-1.3.0/archivesspace/data/tmp/jetty-0.0.0.0-8089-backend.war-_-any-/webapp/WEB-INF/app/main.rb:105)
	at org.jruby.RubyArray.each(org/jruby/RubyArray.java:1613)
	at RUBY.ArchivesSpaceService(/data/archivesspace-1.3.0/archivesspace/data/tmp/jetty-0.0.0.0-8089-backend.war-_-any-/webapp/WEB-INF/app/main.rb:104)
	at RUBY.ArchivesSpaceService(/data/archivesspace-1.3.0/archivesspace/data/tmp/jetty-0.0.0.0-8089-backend.war-_-any-/webapp/WEB-INF/app/main.rb:103)
	at RUBY.configure(/data/archivesspace/gems/gems/sinatra-1.3.6/lib/sinatra/base.rb:1356)
	at RUBY.ArchivesSpaceService(/data/archivesspace-1.3.0/archivesspace/data/tmp/jetty-0.0.0.0-8089-backend.war-_-any-/webapp/WEB-INF/app/main.rb:67)
	at org.jruby.RubyKernel.require(org/jruby/RubyKernel.java:1071)
	at Kernel.require(/data/archivesspace-1.3.0/archivesspace/gems/gems/jruby-jars-1.7.18/lib/jruby-stdlib-1.7.18.jar!/META-INF/jruby.home/lib/ruby/shared/rubygems/core_ext/kernel_require.rb:55)
	at Kernel.require(/data/archivesspace-1.3.0/archivesspace/gems/gems/jruby-jars-1.7.18/lib/jruby-stdlib-1.7.18.jar!/META-INF/jruby.home/lib/ruby/shared/rubygems/core_ext/kernel_require.rb:53)
	at RUBY.(root)(/data/archivesspace-1.3.0/archivesspace/data/tmp/jetty-0.0.0.0-8089-backend.war-_-any-/webapp/WEB-INF/app/main.rb:29)
	at org.jruby.RubyBasicObject.instance_eval(org/jruby/RubyBasicObject.java:1533)
	at RUBY.(root)(/data/archivesspace-1.3.0/archivesspace/data/tmp/jetty-0.0.0.0-8089-backend.war-_-any-/webapp/WEB-INF/config.ru:1)
	at RUBY.(root)(/data/archivesspace-1.3.0/archivesspace/data/tmp/jetty-0.0.0.0-8089-backend.war-_-any-/webapp/WEB-INF/config.ru:4)
	at launcher.launcher.start_server(launcher/launcher.rb:86)
	at launcher.launcher.main(launcher/launcher.rb:147)
	at launcher.launcher.(root)(launcher/launcher.rb:230)
2015-10-05 13:53:14.688:INFO:oejs.AbstractConnector:Started SelectChannelConnector@0.0.0.0:8089
2015-10-05 13:53:14.690:INFO:oejs.Server:jetty-8.1.5.v20120716
Oct 05, 2015 1:53:15 PM org.apache.solr.core.SolrResourceLoader locateSolrHome
INFO: No /solr/home in JNDI
Oct 05, 2015 1:53:15 PM org.apache.solr.core.SolrResourceLoader locateSolrHome
INFO: using system property solr.solr.home: /data/archivesspace-1.3.0/archivesspace/data/solr_home
Oct 05, 2015 1:53:15 PM org.apache.solr.core.SolrResourceLoader <init>
INFO: new SolrResourceLoader for deduced Solr Home: '/data/archivesspace-1.3.0/archivesspace/data/solr_home/'
Oct 05, 2015 1:53:15 PM org.apache.solr.servlet.SolrDispatchFilter init
INFO: SolrDispatchFilter.init()
Oct 05, 2015 1:53:15 PM org.apache.solr.core.SolrResourceLoader locateSolrHome
INFO: No /solr/home in JNDI
Oct 05, 2015 1:53:15 PM org.apache.solr.core.SolrResourceLoader locateSolrHome
INFO: using system property solr.solr.home: /data/archivesspace-1.3.0/archivesspace/data/solr_home
Oct 05, 2015 1:53:15 PM org.apache.solr.core.CoreContainer$Initializer initialize
INFO: looking for solr.xml: /data/archivesspace-1.3.0/archivesspace/data/solr_home/solr.xml
Oct 05, 2015 1:53:15 PM org.apache.solr.core.CoreContainer <init>
INFO: New CoreContainer 16581838
Oct 05, 2015 1:53:15 PM org.apache.solr.core.CoreContainer$Initializer initialize
INFO: no solr.xml file found - using default
Oct 05, 2015 1:53:15 PM org.apache.solr.core.CoreContainer load
INFO: Loading CoreContainer using Solr Home: '/data/archivesspace-1.3.0/archivesspace/data/solr_home/'
Oct 05, 2015 1:53:15 PM org.apache.solr.core.SolrResourceLoader <init>
INFO: new SolrResourceLoader for directory: '/data/archivesspace-1.3.0/archivesspace/data/solr_home/'
Oct 05, 2015 1:53:15 PM org.apache.solr.core.CoreContainer load
INFO: Registering Log Listener
Oct 05, 2015 1:53:15 PM org.apache.solr.core.CoreContainer create
INFO: Creating SolrCore 'collection1' using instanceDir: /data/archivesspace-1.3.0/archivesspace/data/solr_home/collection1
Oct 05, 2015 1:53:15 PM org.apache.solr.core.SolrResourceLoader <init>
INFO: new SolrResourceLoader for directory: '/data/archivesspace-1.3.0/archivesspace/data/solr_home/collection1/'
Oct 05, 2015 1:53:15 PM org.apache.solr.core.SolrConfig <init>
INFO: Using Lucene MatchVersion: LUCENE_40
Oct 05, 2015 1:53:16 PM org.apache.solr.core.SolrConfig <init>
INFO: Loaded SolrConfig: solrconfig.xml
Oct 05, 2015 1:53:16 PM org.apache.solr.schema.IndexSchema readSchema
INFO: Reading Solr Schema
Oct 05, 2015 1:53:16 PM org.apache.solr.schema.IndexSchema readSchema
INFO: Schema name=example
Oct 05, 2015 1:53:16 PM org.apache.solr.schema.IndexSchema readSchema
INFO: unique key field: id
Oct 05, 2015 1:53:16 PM org.apache.solr.core.SolrCore <init>
INFO: [collection1] Opening new SolrCore at /data/archivesspace-1.3.0/archivesspace/data/solr_home/collection1/, dataDir=/data/archivesspace-1.3.0/archivesspace/data/solr_index/
Oct 05, 2015 1:53:16 PM org.apache.solr.core.SolrCore <init>
INFO: JMX monitoring not detected for core: collection1
Oct 05, 2015 1:53:16 PM org.apache.solr.core.SolrCore getNewIndexDir
WARNING: New index directory detected: old=null new=/data/archivesspace-1.3.0/archivesspace/data/solr_index/index/
Oct 05, 2015 1:53:16 PM org.apache.solr.core.CachingDirectoryFactory get
INFO: return new directory for /data/archivesspace-1.3.0/archivesspace/data/solr_index/index forceNew:false
Oct 05, 2015 1:53:16 PM org.apache.solr.core.SolrCore initWriters
INFO: created json: solr.JSONResponseWriter
Oct 05, 2015 1:53:16 PM org.apache.solr.core.RequestHandlers initHandlersFromConfig
INFO: created /select: solr.SearchHandler
Oct 05, 2015 1:53:16 PM org.apache.solr.core.RequestHandlers initHandlersFromConfig
INFO: created /update: solr.UpdateRequestHandler
Oct 05, 2015 1:53:16 PM org.apache.solr.core.RequestHandlers initHandlersFromConfig
INFO: created /admin/: solr.admin.AdminHandlers
Oct 05, 2015 1:53:16 PM org.apache.solr.core.RequestHandlers initHandlersFromConfig
INFO: adding lazy requestHandler: solr.DocumentAnalysisRequestHandler
Oct 05, 2015 1:53:16 PM org.apache.solr.core.RequestHandlers initHandlersFromConfig
INFO: created /analysis/document: solr.DocumentAnalysisRequestHandler
Oct 05, 2015 1:53:16 PM org.apache.solr.core.RequestHandlers initHandlersFromConfig
INFO: adding lazy requestHandler: solr.FieldAnalysisRequestHandler
Oct 05, 2015 1:53:16 PM org.apache.solr.core.RequestHandlers initHandlersFromConfig
INFO: created /analysis/field: solr.FieldAnalysisRequestHandler
Oct 05, 2015 1:53:16 PM org.apache.solr.core.RequestHandlers initHandlersFromConfig
INFO: adding lazy requestHandler: solr.ReplicationHandler
Oct 05, 2015 1:53:16 PM org.apache.solr.core.RequestHandlers initHandlersFromConfig
INFO: created /replication: solr.ReplicationHandler
Oct 05, 2015 1:53:16 PM org.apache.solr.handler.loader.XMLLoader init
INFO: xsltCacheLifetimeSeconds=60
Oct 05, 2015 1:53:16 PM org.apache.solr.search.SolrIndexSearcher <init>
INFO: Opening Searcher@1ee4b90b main
Oct 05, 2015 1:53:16 PM org.apache.solr.update.CommitTracker <init>
INFO: Hard AutoCommit: if uncommited for 60000ms; if 1000 uncommited docs 
Oct 05, 2015 1:53:16 PM org.apache.solr.update.CommitTracker <init>
INFO: Soft AutoCommit: disabled
Oct 05, 2015 1:53:16 PM org.apache.solr.handler.component.HttpShardHandlerFactory getParameter
INFO: Setting socketTimeout to: 0
Oct 05, 2015 1:53:16 PM org.apache.solr.handler.component.HttpShardHandlerFactory getParameter
INFO: Setting urlScheme to: http://
Oct 05, 2015 1:53:16 PM org.apache.solr.handler.component.HttpShardHandlerFactory getParameter
INFO: Setting connTimeout to: 0
Oct 05, 2015 1:53:16 PM org.apache.solr.handler.component.HttpShardHandlerFactory getParameter
INFO: Setting maxConnectionsPerHost to: 20
Oct 05, 2015 1:53:16 PM org.apache.solr.handler.component.HttpShardHandlerFactory getParameter
INFO: Setting corePoolSize to: 0
Oct 05, 2015 1:53:16 PM org.apache.solr.handler.component.HttpShardHandlerFactory getParameter
INFO: Setting maximumPoolSize to: 2147483647
Oct 05, 2015 1:53:16 PM org.apache.solr.handler.component.HttpShardHandlerFactory getParameter
INFO: Setting maxThreadIdleTime to: 5
Oct 05, 2015 1:53:16 PM org.apache.solr.handler.component.HttpShardHandlerFactory getParameter
INFO: Setting sizeOfQueue to: -1
Oct 05, 2015 1:53:16 PM org.apache.solr.handler.component.HttpShardHandlerFactory getParameter
INFO: Setting fairnessPolicy to: false
Oct 05, 2015 1:53:16 PM org.apache.solr.client.solrj.impl.HttpClientUtil createClient
INFO: Creating new http client, config:maxConnectionsPerHost=20&maxConnections=10000&socketTimeout=0&connTimeout=0&retry=false
Oct 05, 2015 1:53:16 PM org.apache.solr.core.SolrCore registerSearcher
INFO: [collection1] Registered new searcher Searcher@1ee4b90b main{StandardDirectoryReader(segments_zmy:333170 _2eb1(4.0.0.2):C65914/9669 _2ebv(4.0.0.2):C3052/302 _2ec5(4.0.0.2):C2327 _2ecg(4.0.0.2):C1642/154 _2ebr(4.0.0.2):C844 _2ec2(4.0.0.2):C1008 _2ec6(4.0.0.2):C443 _2ec9(4.0.0.2):C657 _2ecf(4.0.0.2):C769 _2ech(4.0.0.2):C167 _2eci(4.0.0.2):C50 _2ecj(4.0.0.2):C8 _2eck(4.0.0.2):C429 _2ecl(4.0.0.2):C75)}
Oct 05, 2015 1:53:16 PM org.apache.solr.core.CoreContainer register
INFO: registering core: collection1
Oct 05, 2015 1:53:16 PM org.apache.solr.servlet.SolrDispatchFilter init
INFO: user.dir=/data/archivesspace-1.3.0/archivesspace
Oct 05, 2015 1:53:16 PM org.apache.solr.servlet.SolrDispatchFilter init
INFO: SolrDispatchFilter.init() done
2015-10-05 13:53:16.692:INFO:oejs.AbstractConnector:Started SelectChannelConnector@0.0.0.0:8090
2015-10-05 13:53:16.693:INFO:oejs.Server:jetty-8.1.5.v20120716
2015-10-05 13:53:16.730:INFO:/aspace-indexer:INFO: jruby 1.7.18 (1.9.3p551) 2014-12-22 625381c on OpenJDK 64-Bit Server VM 1.7.0_51-mockbuild_2014_01_15_01_39-b00 +jit [linux-amd64]
2015-10-05 13:53:16.730:INFO:/aspace-indexer:INFO: using a shared (threadsafe!) runtime
Loading ArchivesSpace configuration file from path: /data/archivesspace/config/config.rb
2015-10-05 13:53:22.913:INFO:/:DEBUG: due a previous initialization failure application instance can not be returned
2015-10-05 13:53:22.918:INFO:/:DEBUG: resetting rack response due exception
Connection to backend failed (<!DOCTYPE HTML PUBLIC "-//W3C//DTD HTML 4.01 Transitional//EN" "http://www.w3.org/TR/html4/loose.dtd">
<html lang="en">
<head>
  <meta http-equiv="content-type" content="text/html; charset=utf-8" />
  <title>Internal Server Error at &#x2F;config&#x2F;enumerations</title>
  <meta name="robots" content="NONE,NOARCHIVE" />
  <style type="text/css">
    html * { padding:0; margin:0; }
    body * { padding:10px 20px; }
    body * * { padding:0; }
    body { font:small sans-serif; background:#eee; }
    body>div { border-bottom:1px solid #ddd; }
    h1 { font-weight:normal; margin-bottom:.4em; }
    h1 span { font-size:60%; color:#666; font-weight:normal; }
    table { border:none; border-collapse: collapse; width:100%; }
    td, th { vertical-align:top; padding:2px 3px; }
    th { width:12em; text-align:right; color:#666; padding-right:.5em; }
    #info { background:#f6f6f6; }
    #info ol { margin: 0.5em 4em; }
    #info ol li { font-family: monospace; }
    #summary { background: #ffc; }
    #explanation { background:#eee; border-bottom: 0px none; }
  </style>
</head>
<body>
  <div id="summary">
    <h1>Internal Server Error <span>(500)</span></h1>
    <table class="meta">
      <tr>
        <th>Request Method:</th>
        <td>GET</td>
      </tr>
      <tr>
        <th>Request URL:</th>
      <td>http:&#x2F;&#x2F;localhost:8089&#x2F;config&#x2F;enumerations</td>
      </tr>
    </table>
  </div>
  <div id="info">
    <p>JSONModel not found for agent_place
	from file:&#x2F;data&#x2F;archivesspace-1.3.0&#x2F;archivesspace&#x2F;lib&#x2F;common.jar!&#x2F;jsonmodel.rb:62:in `JSONModel&#x27;
	from file:&#x2F;data&#x2F;archivesspace-1.3.0&#x2F;archivesspace&#x2F;lib&#x2F;common.jar!&#x2F;jsonmodel.rb:67:in `JSONModel&#x27;
	from &#x2F;data&#x2F;archivesspace&#x2F;plugins&#x2F;place&#x2F;backend&#x2F;model&#x2F;agent_place.rb:4:in `AgentPlace&#x27;
	from &#x2F;data&#x2F;archivesspace&#x2F;plugins&#x2F;place&#x2F;backend&#x2F;model&#x2F;agent_place.rb:1:in `(root)&#x27;
	from org&#x2F;jruby&#x2F;RubyKernel.java:1071:in `require&#x27;
	from &#x2F;data&#x2F;archivesspace-1.3.0&#x2F;archivesspace&#x2F;data&#x2F;tmp&#x2F;jetty-0.0.0.0-8089-backend.war-_-any-&#x2F;webapp&#x2F;WEB-INF&#x2F;app&#x2F;main.rb:1:in `(root)&#x27;
	from org&#x2F;jruby&#x2F;RubyArray.java:1613:in `each&#x27;
	from &#x2F;data&#x2F;archivesspace-1.3.0&#x2F;archivesspace&#x2F;data&#x2F;tmp&#x2F;jetty-0.0.0.0-8089-backend.war-_-any-&#x2F;webapp&#x2F;WEB-INF&#x2F;app&#x2F;main.rb:106:in `ArchivesSpaceService&#x27;
	from org&#x2F;jruby&#x2F;RubyArray.java:1613:in `each&#x27;
	from &#x2F;data&#x2F;archivesspace-1.3.0&#x2F;archivesspace&#x2F;data&#x2F;tmp&#x2F;jetty-0.0.0.0-8089-backend.war-_-any-&#x2F;webapp&#x2F;WEB-INF&#x2F;app&#x2F;main.rb:105:in `ArchivesSpaceService&#x27;
	from org&#x2F;jruby&#x2F;RubyArray.java:1613:in `each&#x27;
	from &#x2F;data&#x2F;archivesspace-1.3.0&#x2F;archivesspace&#x2F;data&#x2F;tmp&#x2F;jetty-0.0.0.0-8089-backend.war-_-any-&#x2F;webapp&#x2F;WEB-INF&#x2F;app&#x2F;main.rb:104:in `ArchivesSpaceService&#x27;
	from &#x2F;data&#x2F;archivesspace-1.3.0&#x2F;archivesspace&#x2F;data&#x2F;tmp&#x2F;jetty-0.0.0.0-8089-backend.war-_-any-&#x2F;webapp&#x2F;WEB-INF&#x2F;app&#x2F;main.rb:103:in `ArchivesSpaceService&#x27;
	from &#x2F;data&#x2F;archivesspace&#x2F;gems&#x2F;gems&#x2F;sinatra-1.3.6&#x2F;lib&#x2F;sinatra&#x2F;base.rb:1356:in `configure&#x27;
	from &#x2F;data&#x2F;archivesspace-1.3.0&#x2F;archivesspace&#x2F;data&#x2F;tmp&#x2F;jetty-0.0.0.0-8089-backend.war-_-any-&#x2F;webapp&#x2F;WEB-INF&#x2F;app&#x2F;main.rb:67:in `ArchivesSpaceService&#x27;
	from org&#x2F;jruby&#x2F;RubyKernel.java:1071:in `require&#x27;
	from &#x2F;data&#x2F;archivesspace-1.3.0&#x2F;archivesspace&#x2F;gems&#x2F;gems&#x2F;jruby-jars-1.7.18&#x2F;lib&#x2F;jruby-stdlib-1.7.18.jar!&#x2F;META-INF&#x2F;jruby.home&#x2F;lib&#x2F;ruby&#x2F;shared&#x2F;rubygems&#x2F;core_ext&#x2F;kernel_require.rb:55:in `require&#x27;
	from &#x2F;data&#x2F;archivesspace-1.3.0&#x2F;archivesspace&#x2F;gems&#x2F;gems&#x2F;jruby-jars-1.7.18&#x2F;lib&#x2F;jruby-stdlib-1.7.18.jar!&#x2F;META-INF&#x2F;jruby.home&#x2F;lib&#x2F;ruby&#x2F;shared&#x2F;rubygems&#x2F;core_ext&#x2F;kernel_require.rb:53:in `require&#x27;
	from &#x2F;data&#x2F;archivesspace-1.3.0&#x2F;archivesspace&#x2F;data&#x2F;tmp&#x2F;jetty-0.0.0.0-8089-backend.war-_-any-&#x2F;webapp&#x2F;WEB-INF&#x2F;app&#x2F;main.rb:29:in `(root)&#x27;
	from org&#x2F;jruby&#x2F;RubyBasicObject.java:1533:in `instance_eval&#x27;
	from &#x2F;data&#x2F;archivesspace-1.3.0&#x2F;archivesspace&#x2F;data&#x2F;tmp&#x2F;jetty-0.0.0.0-8089-backend.war-_-any-&#x2F;webapp&#x2F;WEB-INF&#x2F;config.ru:1:in `(root)&#x27;
	from &#x2F;data&#x2F;archivesspace-1.3.0&#x2F;archivesspace&#x2F;data&#x2F;tmp&#x2F;jetty-0.0.0.0-8089-backend.war-_-any-&#x2F;webapp&#x2F;WEB-INF&#x2F;config.ru:4:in `(root)&#x27;
	from launcher&#x2F;launcher.rb:86:in `start_server&#x27;
	from launcher&#x2F;launcher.rb:147:in `main&#x27;
	from launcher&#x2F;launcher.rb:230:in `(root)&#x27;
</p>
  </div>

  <div id="explanation">
    <p>
    You're seeing this error because you use <code>JRuby::Rack::ErrorApp::ShowStatus</code>.
    </p>
  </div>
</body>
</html>
).  Retrying...
2015-10-05 13:53:28.498:INFO:/:DEBUG: due a previous initialization failure application instance can not be returned
2015-10-05 13:53:28.498:INFO:/:DEBUG: resetting rack response due exception
Connection to backend failed (<!DOCTYPE HTML PUBLIC "-//W3C//DTD HTML 4.01 Transitional//EN" "http://www.w3.org/TR/html4/loose.dtd">
<html lang="en">
<head>
  <meta http-equiv="content-type" content="text/html; charset=utf-8" />
  <title>Internal Server Error at &#x2F;config&#x2F;enumerations</title>
  <meta name="robots" content="NONE,NOARCHIVE" />
  <style type="text/css">
    html * { padding:0; margin:0; }
    body * { padding:10px 20px; }
    body * * { padding:0; }
    body { font:small sans-serif; background:#eee; }
    body>div { border-bottom:1px solid #ddd; }
    h1 { font-weight:normal; margin-bottom:.4em; }
    h1 span { font-size:60%; color:#666; font-weight:normal; }
    table { border:none; border-collapse: collapse; width:100%; }
    td, th { vertical-align:top; padding:2px 3px; }
    th { width:12em; text-align:right; color:#666; padding-right:.5em; }
    #info { background:#f6f6f6; }
    #info ol { margin: 0.5em 4em; }
    #info ol li { font-family: monospace; }
    #summary { background: #ffc; }
    #explanation { background:#eee; border-bottom: 0px none; }
  </style>
</head>
<body>
  <div id="summary">
    <h1>Internal Server Error <span>(500)</span></h1>
    <table class="meta">
      <tr>
        <th>Request Method:</th>
        <td>GET</td>
      </tr>
      <tr>
        <th>Request URL:</th>
      <td>http:&#x2F;&#x2F;localhost:8089&#x2F;config&#x2F;enumerations</td>
      </tr>
    </table>
  </div>
  <div id="info">
    <p>JSONModel not found for agent_place
	from file:&#x2F;data&#x2F;archivesspace-1.3.0&#x2F;archivesspace&#x2F;lib&#x2F;common.jar!&#x2F;jsonmodel.rb:62:in `JSONModel&#x27;
	from file:&#x2F;data&#x2F;archivesspace-1.3.0&#x2F;archivesspace&#x2F;lib&#x2F;common.jar!&#x2F;jsonmodel.rb:67:in `JSONModel&#x27;
	from &#x2F;data&#x2F;archivesspace&#x2F;plugins&#x2F;place&#x2F;backend&#x2F;model&#x2F;agent_place.rb:4:in `AgentPlace&#x27;
	from &#x2F;data&#x2F;archivesspace&#x2F;plugins&#x2F;place&#x2F;backend&#x2F;model&#x2F;agent_place.rb:1:in `(root)&#x27;
	from org&#x2F;jruby&#x2F;RubyKernel.java:1071:in `require&#x27;
	from &#x2F;data&#x2F;archivesspace-1.3.0&#x2F;archivesspace&#x2F;data&#x2F;tmp&#x2F;jetty-0.0.0.0-8089-backend.war-_-any-&#x2F;webapp&#x2F;WEB-INF&#x2F;app&#x2F;main.rb:1:in `(root)&#x27;
	from org&#x2F;jruby&#x2F;RubyArray.java:1613:in `each&#x27;
	from &#x2F;data&#x2F;archivesspace-1.3.0&#x2F;archivesspace&#x2F;data&#x2F;tmp&#x2F;jetty-0.0.0.0-8089-backend.war-_-any-&#x2F;webapp&#x2F;WEB-INF&#x2F;app&#x2F;main.rb:106:in `ArchivesSpaceService&#x27;
	from org&#x2F;jruby&#x2F;RubyArray.java:1613:in `each&#x27;
	from &#x2F;data&#x2F;archivesspace-1.3.0&#x2F;archivesspace&#x2F;data&#x2F;tmp&#x2F;jetty-0.0.0.0-8089-backend.war-_-any-&#x2F;webapp&#x2F;WEB-INF&#x2F;app&#x2F;main.rb:105:in `ArchivesSpaceService&#x27;
	from org&#x2F;jruby&#x2F;RubyArray.java:1613:in `each&#x27;
	from &#x2F;data&#x2F;archivesspace-1.3.0&#x2F;archivesspace&#x2F;data&#x2F;tmp&#x2F;jetty-0.0.0.0-8089-backend.war-_-any-&#x2F;webapp&#x2F;WEB-INF&#x2F;app&#x2F;main.rb:104:in `ArchivesSpaceService&#x27;
	from &#x2F;data&#x2F;archivesspace-1.3.0&#x2F;archivesspace&#x2F;data&#x2F;tmp&#x2F;jetty-0.0.0.0-8089-backend.war-_-any-&#x2F;webapp&#x2F;WEB-INF&#x2F;app&#x2F;main.rb:103:in `ArchivesSpaceService&#x27;
	from &#x2F;data&#x2F;archivesspace&#x2F;gems&#x2F;gems&#x2F;sinatra-1.3.6&#x2F;lib&#x2F;sinatra&#x2F;base.rb:1356:in `configure&#x27;
	from &#x2F;data&#x2F;archivesspace-1.3.0&#x2F;archivesspace&#x2F;data&#x2F;tmp&#x2F;jetty-0.0.0.0-8089-backend.war-_-any-&#x2F;webapp&#x2F;WEB-INF&#x2F;app&#x2F;main.rb:67:in `ArchivesSpaceService&#x27;
	from org&#x2F;jruby&#x2F;RubyKernel.java:1071:in `require&#x27;
	from &#x2F;data&#x2F;archivesspace-1.3.0&#x2F;archivesspace&#x2F;gems&#x2F;gems&#x2F;jruby-jars-1.7.18&#x2F;lib&#x2F;jruby-stdlib-1.7.18.jar!&#x2F;META-INF&#x2F;jruby.home&#x2F;lib&#x2F;ruby&#x2F;shared&#x2F;rubygems&#x2F;core_ext&#x2F;kernel_require.rb:55:in `require&#x27;
	from &#x2F;data&#x2F;archivesspace-1.3.0&#x2F;archivesspace&#x2F;gems&#x2F;gems&#x2F;jruby-jars-1.7.18&#x2F;lib&#x2F;jruby-stdlib-1.7.18.jar!&#x2F;META-INF&#x2F;jruby.home&#x2F;lib&#x2F;ruby&#x2F;shared&#x2F;rubygems&#x2F;core_ext&#x2F;kernel_require.rb:53:in `require&#x27;
	from &#x2F;data&#x2F;archivesspace-1.3.0&#x2F;archivesspace&#x2F;data&#x2F;tmp&#x2F;jetty-0.0.0.0-8089-backend.war-_-any-&#x2F;webapp&#x2F;WEB-INF&#x2F;app&#x2F;main.rb:29:in `(root)&#x27;
	from org&#x2F;jruby&#x2F;RubyBasicObject.java:1533:in `instance_eval&#x27;
	from &#x2F;data&#x2F;archivesspace-1.3.0&#x2F;archivesspace&#x2F;data&#x2F;tmp&#x2F;jetty-0.0.0.0-8089-backend.war-_-any-&#x2F;webapp&#x2F;WEB-INF&#x2F;config.ru:1:in `(root)&#x27;
	from &#x2F;data&#x2F;archivesspace-1.3.0&#x2F;archivesspace&#x2F;data&#x2F;tmp&#x2F;jetty-0.0.0.0-8089-backend.war-_-any-&#x2F;webapp&#x2F;WEB-INF&#x2F;config.ru:4:in `(root)&#x27;
	from launcher&#x2F;launcher.rb:86:in `start_server&#x27;
	from launcher&#x2F;launcher.rb:147:in `main&#x27;
	from launcher&#x2F;launcher.rb:230:in `(root)&#x27;
</p>
  </div>

  <div id="explanation">
    <p>
    You're seeing this error because you use <code>JRuby::Rack::ErrorApp::ShowStatus</code>.
    </p>
  </div>
</body>
</html>
).  Retrying...
2015-10-05 13:53:33.531:INFO:/:DEBUG: due a previous initialization failure application instance can not be returned
2015-10-05 13:53:33.531:INFO:/:DEBUG: resetting rack response due exception
Connection to backend failed (<!DOCTYPE HTML PUBLIC "-//W3C//DTD HTML 4.01 Transitional//EN" "http://www.w3.org/TR/html4/loose.dtd">
<html lang="en">
<head>
  <meta http-equiv="content-type" content="text/html; charset=utf-8" />
  <title>Internal Server Error at &#x2F;config&#x2F;enumerations</title>
  <meta name="robots" content="NONE,NOARCHIVE" />
  <style type="text/css">
    html * { padding:0; margin:0; }
    body * { padding:10px 20px; }
    body * * { padding:0; }
    body { font:small sans-serif; background:#eee; }
    body>div { border-bottom:1px solid #ddd; }
    h1 { font-weight:normal; margin-bottom:.4em; }
    h1 span { font-size:60%; color:#666; font-weight:normal; }
    table { border:none; border-collapse: collapse; width:100%; }
    td, th { vertical-align:top; padding:2px 3px; }
    th { width:12em; text-align:right; color:#666; padding-right:.5em; }
    #info { background:#f6f6f6; }
    #info ol { margin: 0.5em 4em; }
    #info ol li { font-family: monospace; }
    #summary { background: #ffc; }
    #explanation { background:#eee; border-bottom: 0px none; }
  </style>
</head>
<body>
  <div id="summary">
    <h1>Internal Server Error <span>(500)</span></h1>
    <table class="meta">
      <tr>
        <th>Request Method:</th>
        <td>GET</td>
      </tr>
      <tr>
        <th>Request URL:</th>
      <td>http:&#x2F;&#x2F;localhost:8089&#x2F;config&#x2F;enumerations</td>
      </tr>
    </table>
  </div>
  <div id="info">
    <p>JSONModel not found for agent_place
	from file:&#x2F;data&#x2F;archivesspace-1.3.0&#x2F;archivesspace&#x2F;lib&#x2F;common.jar!&#x2F;jsonmodel.rb:62:in `JSONModel&#x27;
	from file:&#x2F;data&#x2F;archivesspace-1.3.0&#x2F;archivesspace&#x2F;lib&#x2F;common.jar!&#x2F;jsonmodel.rb:67:in `JSONModel&#x27;
	from &#x2F;data&#x2F;archivesspace&#x2F;plugins&#x2F;place&#x2F;backend&#x2F;model&#x2F;agent_place.rb:4:in `AgentPlace&#x27;
	from &#x2F;data&#x2F;archivesspace&#x2F;plugins&#x2F;place&#x2F;backend&#x2F;model&#x2F;agent_place.rb:1:in `(root)&#x27;
	from org&#x2F;jruby&#x2F;RubyKernel.java:1071:in `require&#x27;
	from &#x2F;data&#x2F;archivesspace-1.3.0&#x2F;archivesspace&#x2F;data&#x2F;tmp&#x2F;jetty-0.0.0.0-8089-backend.war-_-any-&#x2F;webapp&#x2F;WEB-INF&#x2F;app&#x2F;main.rb:1:in `(root)&#x27;
	from org&#x2F;jruby&#x2F;RubyArray.java:1613:in `each&#x27;
	from &#x2F;data&#x2F;archivesspace-1.3.0&#x2F;archivesspace&#x2F;data&#x2F;tmp&#x2F;jetty-0.0.0.0-8089-backend.war-_-any-&#x2F;webapp&#x2F;WEB-INF&#x2F;app&#x2F;main.rb:106:in `ArchivesSpaceService&#x27;
	from org&#x2F;jruby&#x2F;RubyArray.java:1613:in `each&#x27;
	from &#x2F;data&#x2F;archivesspace-1.3.0&#x2F;archivesspace&#x2F;data&#x2F;tmp&#x2F;jetty-0.0.0.0-8089-backend.war-_-any-&#x2F;webapp&#x2F;WEB-INF&#x2F;app&#x2F;main.rb:105:in `ArchivesSpaceService&#x27;
	from org&#x2F;jruby&#x2F;RubyArray.java:1613:in `each&#x27;
	from &#x2F;data&#x2F;archivesspace-1.3.0&#x2F;archivesspace&#x2F;data&#x2F;tmp&#x2F;jetty-0.0.0.0-8089-backend.war-_-any-&#x2F;webapp&#x2F;WEB-INF&#x2F;app&#x2F;main.rb:104:in `ArchivesSpaceService&#x27;
	from &#x2F;data&#x2F;archivesspace-1.3.0&#x2F;archivesspace&#x2F;data&#x2F;tmp&#x2F;jetty-0.0.0.0-8089-backend.war-_-any-&#x2F;webapp&#x2F;WEB-INF&#x2F;app&#x2F;main.rb:103:in `ArchivesSpaceService&#x27;
	from &#x2F;data&#x2F;archivesspace&#x2F;gems&#x2F;gems&#x2F;sinatra-1.3.6&#x2F;lib&#x2F;sinatra&#x2F;base.rb:1356:in `configure&#x27;
	from &#x2F;data&#x2F;archivesspace-1.3.0&#x2F;archivesspace&#x2F;data&#x2F;tmp&#x2F;jetty-0.0.0.0-8089-backend.war-_-any-&#x2F;webapp&#x2F;WEB-INF&#x2F;app&#x2F;main.rb:67:in `ArchivesSpaceService&#x27;
	from org&#x2F;jruby&#x2F;RubyKernel.java:1071:in `require&#x27;
	from &#x2F;data&#x2F;archivesspace-1.3.0&#x2F;archivesspace&#x2F;gems&#x2F;gems&#x2F;jruby-jars-1.7.18&#x2F;lib&#x2F;jruby-stdlib-1.7.18.jar!&#x2F;META-INF&#x2F;jruby.home&#x2F;lib&#x2F;ruby&#x2F;shared&#x2F;rubygems&#x2F;core_ext&#x2F;kernel_require.rb:55:in `require&#x27;
	from &#x2F;data&#x2F;archivesspace-1.3.0&#x2F;archivesspace&#x2F;gems&#x2F;gems&#x2F;jruby-jars-1.7.18&#x2F;lib&#x2F;jruby-stdlib-1.7.18.jar!&#x2F;META-INF&#x2F;jruby.home&#x2F;lib&#x2F;ruby&#x2F;shared&#x2F;rubygems&#x2F;core_ext&#x2F;kernel_require.rb:53:in `require&#x27;
	from &#x2F;data&#x2F;archivesspace-1.3.0&#x2F;archivesspace&#x2F;data&#x2F;tmp&#x2F;jetty-0.0.0.0-8089-backend.war-_-any-&#x2F;webapp&#x2F;WEB-INF&#x2F;app&#x2F;main.rb:29:in `(root)&#x27;
	from org&#x2F;jruby&#x2F;RubyBasicObject.java:1533:in `instance_eval&#x27;
	from &#x2F;data&#x2F;archivesspace-1.3.0&#x2F;archivesspace&#x2F;data&#x2F;tmp&#x2F;jetty-0.0.0.0-8089-backend.war-_-any-&#x2F;webapp&#x2F;WEB-INF&#x2F;config.ru:1:in `(root)&#x27;
	from &#x2F;data&#x2F;archivesspace-1.3.0&#x2F;archivesspace&#x2F;data&#x2F;tmp&#x2F;jetty-0.0.0.0-8089-backend.war-_-any-&#x2F;webapp&#x2F;WEB-INF&#x2F;config.ru:4:in `(root)&#x27;
	from launcher&#x2F;launcher.rb:86:in `start_server&#x27;
	from launcher&#x2F;launcher.rb:147:in `main&#x27;
	from launcher&#x2F;launcher.rb:230:in `(root)&#x27;
</p>
  </div>

  <div id="explanation">
    <p>
    You're seeing this error because you use <code>JRuby::Rack::ErrorApp::ShowStatus</code>.
    </p>
  </div>
</body>
</html>
).  Retrying...
